<?xml version="1.0" encoding="UTF-8"?>
<!-- Generated by org.testng.reporters.JUnitReportReporter -->
<testsuite skipped="0" hostname="DESKTOP-PKQLJOM" name="Campaign_S1_TestNGTransition.FirstAssessment" tests="1" failures="0" timestamp="2021-01-11T00:04:14 IST" time="67.436" errors="0">
  <testcase name="mainflow" time="67.436" classname="Campaign_S1_TestNGTransition.FirstAssessment"/>
  <system-out/>
</testsuite> <!-- Campaign_S1_TestNGTransition.FirstAssessment -->
