<?xml version="1.0" encoding="UTF-8"?>
<!-- Generated by org.testng.reporters.JUnitReportReporter -->
<testsuite skipped="5" hostname="DESKTOP-PKQLJOM" name="runner.RunTest" tests="5" failures="0" timestamp="2021-02-19T22:26:00 IST" time="0.472" errors="0">
  <testcase name="runScenario" time="0.014" classname="runner.RunTest">
    <skipped/>
  </testcase> <!-- runScenario -->
  <system-out/>
  <testcase name="runScenario" time="0.016" classname="runner.RunTest">
    <skipped/>
  </testcase> <!-- runScenario -->
  <system-out/>
  <testcase name="runScenario" time="0.012" classname="runner.RunTest">
    <skipped/>
  </testcase> <!-- runScenario -->
  <system-out/>
  <testcase name="runScenario" time="0.010" classname="runner.RunTest">
    <skipped/>
  </testcase> <!-- runScenario -->
  <system-out/>
  <testcase name="runScenario" time="0.420" classname="runner.RunTest">
    <skipped/>
  </testcase> <!-- runScenario -->
  <system-out/>
</testsuite> <!-- runner.RunTest -->
