<?xml version="1.0" encoding="UTF-8"?>
<!-- Generated by org.testng.reporters.JUnitReportReporter -->
<testsuite skipped="0" hostname="DESKTOP-PKQLJOM" name="test.Campaign_S3_TestNGPOMTransition.S2054EditCampaign" tests="1" failures="0" timestamp="2021-01-30T12:27:49 IST" time="56.319" errors="0">
  <testcase name="mainflow" time="56.319" classname="test.Campaign_S3_TestNGPOMTransition.S2054EditCampaign"/>
  <system-out/>
</testsuite> <!-- test.Campaign_S3_TestNGPOMTransition.S2054EditCampaign -->
