<?xml version="1.0" encoding="UTF-8"?>
<!-- Generated by org.testng.reporters.JUnitReportReporter -->
<testsuite skipped="0" hostname="DESKTOP-PKQLJOM" name="Campaign_Step2.copy.S2051CreateCampaign" tests="1" failures="0" timestamp="2021-01-09T10:16:02 IST" time="76.663" errors="0">
  <testcase name="mainflow" time="76.663" classname="Campaign_Step2.copy.S2051CreateCampaign"/>
  <system-out/>
</testsuite> <!-- Campaign_Step2.copy.S2051CreateCampaign -->
