<?xml version="1.0" encoding="UTF-8"?>
<!-- Generated by org.testng.reporters.JUnitReportReporter -->
<testsuite skipped="0" hostname="DESKTOP-PKQLJOM" name="test.Campaign_S3_TestNGPOMTransition.S2055DeleteOpportunity" tests="1" failures="0" timestamp="2021-02-03T21:48:35 IST" time="40.054" errors="0">
  <testcase name="mainflow" time="40.054" classname="test.Campaign_S3_TestNGPOMTransition.S2055DeleteOpportunity"/>
  <system-out/>
</testsuite> <!-- test.Campaign_S3_TestNGPOMTransition.S2055DeleteOpportunity -->
