<?xml version="1.0" encoding="UTF-8"?>
<!-- Generated by org.testng.reporters.JUnitReportReporter -->
<testsuite skipped="0" hostname="DESKTOP-PKQLJOM" name="test.Campaign_S3_TestNGPOMTransition.S2053DeleteAttachment" tests="1" failures="0" timestamp="2021-01-30T12:21:08 IST" time="119.686" errors="0">
  <testcase name="mainflow" time="119.686" classname="test.Campaign_S3_TestNGPOMTransition.S2053DeleteAttachment"/>
  <system-out/>
</testsuite> <!-- test.Campaign_S3_TestNGPOMTransition.S2053DeleteAttachment -->
