<?xml version="1.0" encoding="UTF-8"?>
<!-- Generated by org.testng.reporters.JUnitReportReporter -->
<testsuite skipped="0" hostname="DESKTOP-PKQLJOM" name="test.Campaign_S3_TestNGPOMTransition.S2051CreateCampaign" tests="1" failures="0" timestamp="2021-01-30T10:57:41 IST" time="59.480" errors="0">
  <testcase name="mainflow" time="59.480" classname="test.Campaign_S3_TestNGPOMTransition.S2051CreateCampaign"/>
  <system-out/>
</testsuite> <!-- test.Campaign_S3_TestNGPOMTransition.S2051CreateCampaign -->
