<?xml version="1.0" encoding="UTF-8"?>
<!-- Generated by org.testng.reporters.JUnitReportReporter -->
<testsuite skipped="0" hostname="DESKTOP-PKQLJOM" name="test.Campaign_S3_TestNGPOMTransition.S2052AttachDocument" tests="1" failures="0" timestamp="2021-01-30T11:05:57 IST" time="75.253" errors="0">
  <testcase name="mainflow" time="75.253" classname="test.Campaign_S3_TestNGPOMTransition.S2052AttachDocument"/>
  <system-out/>
</testsuite> <!-- test.Campaign_S3_TestNGPOMTransition.S2052AttachDocument -->
